<?xml version="1.0" encoding="UTF-8"?>
<!-- Generated by org.testng.reporters.JUnitReportReporter -->
<testsuite hostname="mukesh-Lenovo-G580" name="testcase.GitHubLogin" tests="2" failures="0" timestamp="3 Nov 2016 05:10:42 GMT" time="52.213" errors="0">
  <testcase name="LoginWithValidCreadentails" time="26.411" classname="testcase.GitHubLogin"/>
  <testcase name="LoginWithInValidCreadentails" time="25.802" classname="testcase.GitHubLogin"/>
</testsuite> <!-- testcase.GitHubLogin -->
