<?xml version="1.0" encoding="UTF-8"?>
<!-- Generated by org.testng.reporters.JUnitReportReporter -->
<testsuite hostname="mukesh-Lenovo-G580" name="testcase.GitHubLogin" tests="2" failures="0" timestamp="3 Nov 2016 05:22:06 GMT" time="48.358" errors="0">
  <testcase name="LoginWithInValidCreadentails" time="24.740" classname="testcase.GitHubLogin"/>
  <testcase name="LoginWithValidCreadentails" time="23.618" classname="testcase.GitHubLogin"/>
</testsuite> <!-- testcase.GitHubLogin -->
